# JRE version: Java(TM) SE Runtime Environment (8.0_271-b09) (build 1.8.0_271-b09)
# Java VM: Java HotSpot(TM) 64-Bit Server VM (25.271-b09 mixed mode windows-amd64 compressed oops)
Heap:
 PSYoungGen      total 296960K, used 41206K [0x00000000eab00000, 0x00000000fe280000, 0x0000000100000000)
  eden space 281088K, 14% used [0x00000000eab00000,0x00000000ed33d9e8,0x00000000fbd80000)
  from space 15872K, 0% used [0x00000000fd300000,0x00000000fd300000,0x00000000fe280000)
  to   space 18944K, 0% used [0x00000000fbd80000,0x00000000fbd80000,0x00000000fd000000)
 ParOldGen       total 409600K, used 16411K [0x00000000c0000000, 0x00000000d9000000, 0x00000000eab00000)
  object space 409600K, 4% used [0x00000000c0000000,0x00000000c1006ef0,0x00000000d9000000)
 Metaspace       used 55388K, capacity 61216K, committed 61440K, reserved 1101824K
  class space    used 7952K, capacity 8582K, committed 8704K, reserved 1048576K
GC Heap History (10 events):
Event: 4.556 GC heap before
{Heap before GC invocations=5 (full 1):
 PSYoungGen      total 153088K, used 32206K [0x00000000eab00000, 0x00000000f8a00000, 0x0000000100000000)
  eden space 131584K, 15% used [0x00000000eab00000,0x00000000ebe5ee90,0x00000000f2b80000)
  from space 21504K, 57% used [0x00000000f2b80000,0x00000000f3794b98,0x00000000f4080000)
  to   space 21504K, 0% used [0x00000000f7500000,0x00000000f7500000,0x00000000f8a00000)
 ParOldGen       total 210432K, used 6411K [0x00000000c0000000, 0x00000000ccd80000, 0x00000000eab00000)
  object space 210432K, 3% used [0x00000000c0000000,0x00000000c0642fb0,0x00000000ccd80000)
 Metaspace       used 33681K, capacity 35328K, committed 35456K, reserved 1079296K
  class space    used 4675K, capacity 4899K, committed 4992K, reserved 1048576K
Event: 4.561 GC heap after
Heap after GC invocations=5 (full 1):
 PSYoungGen      total 206848K, used 4857K [0x00000000eab00000, 0x00000000fa300000, 0x0000000100000000)
  eden space 185344K, 0% used [0x00000000eab00000,0x00000000eab00000,0x00000000f6000000)
  from space 21504K, 22% used [0x00000000f7500000,0x00000000f79be6b8,0x00000000f8a00000)
  to   space 21504K, 0% used [0x00000000f6000000,0x00000000f6000000,0x00000000f7500000)
 ParOldGen       total 210432K, used 6419K [0x00000000c0000000, 0x00000000ccd80000, 0x00000000eab00000)
  object space 210432K, 3% used [0x00000000c0000000,0x00000000c0644fb0,0x00000000ccd80000)
 Metaspace       used 33681K, capacity 35328K, committed 35456K, reserved 1079296K
  class space    used 4675K, capacity 4899K, committed 4992K, reserved 1048576K
}
Event: 4.561 GC heap before
{Heap before GC invocations=6 (full 2):
 PSYoungGen      total 206848K, used 4857K [0x00000000eab00000, 0x00000000fa300000, 0x0000000100000000)
  eden space 185344K, 0% used [0x00000000eab00000,0x00000000eab00000,0x00000000f6000000)
  from space 21504K, 22% used [0x00000000f7500000,0x00000000f79be6b8,0x00000000f8a00000)
  to   space 21504K, 0% used [0x00000000f6000000,0x00000000f6000000,0x00000000f7500000)
 ParOldGen       total 210432K, used 6419K [0x00000000c0000000, 0x00000000ccd80000, 0x00000000eab00000)
  object space 210432K, 3% used [0x00000000c0000000,0x00000000c0644fb0,0x00000000ccd80000)
 Metaspace       used 33681K, capacity 35328K, committed 35456K, reserved 1079296K
  class space    used 4675K, capacity 4899K, committed 4992K, reserved 1048576K
Event: 4.588 GC heap after
Heap after GC invocations=6 (full 2):
 PSYoungGen      total 206848K, used 0K [0x00000000eab00000, 0x00000000fa300000, 0x0000000100000000)
  eden space 185344K, 0% used [0x00000000eab00000,0x00000000eab00000,0x00000000f6000000)
  from space 21504K, 0% used [0x00000000f7500000,0x00000000f7500000,0x00000000f8a00000)
  to   space 21504K, 0% used [0x00000000f6000000,0x00000000f6000000,0x00000000f7500000)
 ParOldGen       total 300032K, used 9218K [0x00000000c0000000, 0x00000000d2500000, 0x00000000eab00000)
  object space 300032K, 3% used [0x00000000c0000000,0x00000000c0900b78,0x00000000d2500000)
 Metaspace       used 33681K, capacity 35328K, committed 35456K, reserved 1079296K
  class space    used 4675K, capacity 4899K, committed 4992K, reserved 1048576K
}
Event: 8.085 GC heap before
{Heap before GC invocations=7 (full 2):
 PSYoungGen      total 206848K, used 185344K [0x00000000eab00000, 0x00000000fa300000, 0x0000000100000000)
  eden space 185344K, 100% used [0x00000000eab00000,0x00000000f6000000,0x00000000f6000000)
  from space 21504K, 0% used [0x00000000f7500000,0x00000000f7500000,0x00000000f8a00000)
  to   space 21504K, 0% used [0x00000000f6000000,0x00000000f6000000,0x00000000f7500000)
 ParOldGen       total 300032K, used 9218K [0x00000000c0000000, 0x00000000d2500000, 0x00000000eab00000)
  object space 300032K, 3% used [0x00000000c0000000,0x00000000c0900b78,0x00000000d2500000)
 Metaspace       used 49905K, capacity 53442K, committed 53760K, reserved 1095680K
  class space    used 6981K, capacity 7355K, committed 7424K, reserved 1048576K
Event: 8.099 GC heap after
Heap after GC invocations=7 (full 2):
 PSYoungGen      total 206848K, used 16940K [0x00000000eab00000, 0x00000000fe680000, 0x0000000100000000)
  eden space 185344K, 0% used [0x00000000eab00000,0x00000000eab00000,0x00000000f6000000)
  from space 21504K, 78% used [0x00000000f6000000,0x00000000f708b380,0x00000000f7500000)
  to   space 19968K, 0% used [0x00000000fd300000,0x00000000fd300000,0x00000000fe680000)
 ParOldGen       total 300032K, used 9226K [0x00000000c0000000, 0x00000000d2500000, 0x00000000eab00000)
  object space 300032K, 3% used [0x00000000c0000000,0x00000000c0902b78,0x00000000d2500000)
 Metaspace       used 49905K, capacity 53442K, committed 53760K, reserved 1095680K
  class space    used 6981K, capacity 7355K, committed 7424K, reserved 1048576K
}
Event: 8.720 GC heap before
{Heap before GC invocations=8 (full 2):
 PSYoungGen      total 206848K, used 72548K [0x00000000eab00000, 0x00000000fe680000, 0x0000000100000000)
  eden space 185344K, 30% used [0x00000000eab00000,0x00000000ee14dd50,0x00000000f6000000)
  from space 21504K, 78% used [0x00000000f6000000,0x00000000f708b380,0x00000000f7500000)
  to   space 19968K, 0% used [0x00000000fd300000,0x00000000fd300000,0x00000000fe680000)
 ParOldGen       total 300032K, used 9226K [0x00000000c0000000, 0x00000000d2500000, 0x00000000eab00000)
  object space 300032K, 3% used [0x00000000c0000000,0x00000000c0902b78,0x00000000d2500000)
 Metaspace       used 54316K, capacity 59000K, committed 59096K, reserved 1099776K
  class space    used 7680K, capacity 8155K, committed 8192K, reserved 1048576K
Event: 8.726 GC heap after
Heap after GC invocations=8 (full 2):
 PSYoungGen      total 296960K, used 8782K [0x00000000eab00000, 0x00000000fe280000, 0x0000000100000000)
  eden space 281088K, 0% used [0x00000000eab00000,0x00000000eab00000,0x00000000fbd80000)
  from space 15872K, 55% used [0x00000000fd300000,0x00000000fdb93a70,0x00000000fe280000)
  to   space 18944K, 0% used [0x00000000fbd80000,0x00000000fbd80000,0x00000000fd000000)
 ParOldGen       total 300032K, used 9234K [0x00000000c0000000, 0x00000000d2500000, 0x00000000eab00000)
  object space 300032K, 3% used [0x00000000c0000000,0x00000000c0904b78,0x00000000d2500000)
 Metaspace       used 54316K, capacity 59000K, committed 59096K, reserved 1099776K
  class space    used 7680K, capacity 8155K, committed 8192K, reserved 1048576K
}
Event: 8.726 GC heap before
{Heap before GC invocations=9 (full 3):
 PSYoungGen      total 296960K, used 8782K [0x00000000eab00000, 0x00000000fe280000, 0x0000000100000000)
  eden space 281088K, 0% used [0x00000000eab00000,0x00000000eab00000,0x00000000fbd80000)
  from space 15872K, 55% used [0x00000000fd300000,0x00000000fdb93a70,0x00000000fe280000)
  to   space 18944K, 0% used [0x00000000fbd80000,0x00000000fbd80000,0x00000000fd000000)
 ParOldGen       total 300032K, used 9234K [0x00000000c0000000, 0x00000000d2500000, 0x00000000eab00000)
  object space 300032K, 3% used [0x00000000c0000000,0x00000000c0904b78,0x00000000d2500000)
 Metaspace       used 54316K, capacity 59000K, committed 59096K, reserved 1099776K
  class space    used 7680K, capacity 8155K, committed 8192K, reserved 1048576K
Event: 8.847 GC heap after
Heap after GC invocations=9 (full 3):
 PSYoungGen      total 296960K, used 0K [0x00000000eab00000, 0x00000000fe280000, 0x0000000100000000)
  eden space 281088K, 0% used [0x00000000eab00000,0x00000000eab00000,0x00000000fbd80000)
  from space 15872K, 0% used [0x00000000fd300000,0x00000000fd300000,0x00000000fe280000)
  to   space 18944K, 0% used [0x00000000fbd80000,0x00000000fbd80000,0x00000000fd000000)
 ParOldGen       total 409600K, used 16411K [0x00000000c0000000, 0x00000000d9000000, 0x00000000eab00000)
  object space 409600K, 4% used [0x00000000c0000000,0x00000000c1006ef0,0x00000000d9000000)
 Metaspace       used 54314K, capacity 58994K, committed 59096K, reserved 1099776K
  class space    used 7679K, capacity 8154K, committed 8192K, reserved 1048576K
}

